# Logfile created on 2014-01-19 09:51:04 -0500 by logger.rb/41954
I, [2014-01-19T09:51:04.713872 #2327]  INFO -- : 0:  rake (10.1.1) from /Users/smthmarketable/.rvm/gems/ruby-2.0.0-p353@global/specifications/rake-10.1.1.gemspec
I, [2014-01-19T09:51:04.715753 #2327]  INFO -- : 0:  columnize (0.3.6) from /Users/smthmarketable/.rvm/gems/ruby-2.0.0-p353/specifications/columnize-0.3.6.gemspec
I, [2014-01-19T09:51:04.716156 #2327]  INFO -- : 0:  debugger-linecache (1.2.0) from /Users/smthmarketable/.rvm/gems/ruby-2.0.0-p353/specifications/debugger-linecache-1.2.0.gemspec
I, [2014-01-19T09:51:04.716536 #2327]  INFO -- : 0:  byebug (2.5.0) from /Users/smthmarketable/.rvm/gems/ruby-2.0.0-p353/specifications/byebug-2.5.0.gemspec
I, [2014-01-19T09:51:04.716912 #2327]  INFO -- : 0:  httpclient (2.3.4.1) from /Users/smthmarketable/.rvm/gems/ruby-2.0.0-p353/specifications/httpclient-2.3.4.1.gemspec
I, [2014-01-19T09:51:04.717296 #2327]  INFO -- : 0:  json (1.8.1) from /Users/smthmarketable/.rvm/gems/ruby-2.0.0-p353/specifications/json-1.8.1.gemspec
I, [2014-01-19T09:51:04.717682 #2327]  INFO -- : 0:  multi_json (1.8.2) from /Users/smthmarketable/.rvm/gems/ruby-2.0.0-p353@global/specifications/multi_json-1.8.2.gemspec
I, [2014-01-19T09:51:04.718161 #2327]  INFO -- : 0:  os (0.9.6) from /Users/smthmarketable/.rvm/gems/ruby-2.0.0-p353/specifications/os-0.9.6.gemspec
I, [2014-01-19T09:51:04.725464 #2327]  INFO -- : 0:  rubyzip (1.0.0) from /Users/smthmarketable/.rvm/gems/ruby-2.0.0-p353/specifications/rubyzip-1.0.0.gemspec
I, [2014-01-19T09:51:04.726166 #2327]  INFO -- : 0:  neography (1.3.4) from /Users/smthmarketable/.rvm/gems/ruby-2.0.0-p353/specifications/neography-1.3.4.gemspec
I, [2014-01-19T09:51:04.726760 #2327]  INFO -- : 0:  rack (1.5.2) from /Users/smthmarketable/.rvm/gems/ruby-2.0.0-p353@global/specifications/rack-1.5.2.gemspec
I, [2014-01-19T09:51:04.727393 #2327]  INFO -- : 0:  rack-protection (1.5.1) from /Users/smthmarketable/.rvm/gems/ruby-2.0.0-p353/specifications/rack-protection-1.5.1.gemspec
I, [2014-01-19T09:51:04.728006 #2327]  INFO -- : 0:  shotgun (0.9) from /Users/smthmarketable/.rvm/gems/ruby-2.0.0-p353/specifications/shotgun-0.9.gemspec
I, [2014-01-19T09:51:04.728631 #2327]  INFO -- : 0:  tilt (1.4.1) from /Users/smthmarketable/.rvm/gems/ruby-2.0.0-p353@global/specifications/tilt-1.4.1.gemspec
I, [2014-01-19T09:51:04.729209 #2327]  INFO -- : 0:  sinatra (1.4.4) from /Users/smthmarketable/.rvm/gems/ruby-2.0.0-p353/specifications/sinatra-1.4.4.gemspec
I, [2014-01-19T09:51:04.729646 #2327]  INFO -- : 0:  bundler (1.5.0) from /Users/smthmarketable/.rvm/gems/ruby-2.0.0-p353@global/specifications/bundler-1.5.0.gemspec
I, [2014-01-19T09:59:02.550928 #2362]  INFO -- : 0:  rake (10.1.1) from /Users/smthmarketable/.rvm/gems/ruby-2.0.0-p353@global/specifications/rake-10.1.1.gemspec
I, [2014-01-19T09:59:03.802592 #2362]  INFO -- : 0:  backports (3.4.0) from /Users/smthmarketable/.rvm/gems/ruby-2.0.0-p353/specifications/backports-3.4.0.gemspec
I, [2014-01-19T09:59:03.803095 #2362]  INFO -- : 0:  columnize (0.3.6) from /Users/smthmarketable/.rvm/gems/ruby-2.0.0-p353/specifications/columnize-0.3.6.gemspec
I, [2014-01-19T09:59:03.803545 #2362]  INFO -- : 0:  debugger-linecache (1.2.0) from /Users/smthmarketable/.rvm/gems/ruby-2.0.0-p353/specifications/debugger-linecache-1.2.0.gemspec
I, [2014-01-19T09:59:03.803996 #2362]  INFO -- : 0:  byebug (2.5.0) from /Users/smthmarketable/.rvm/gems/ruby-2.0.0-p353/specifications/byebug-2.5.0.gemspec
I, [2014-01-19T09:59:03.804332 #2362]  INFO -- : 0:  httpclient (2.3.4.1) from /Users/smthmarketable/.rvm/gems/ruby-2.0.0-p353/specifications/httpclient-2.3.4.1.gemspec
I, [2014-01-19T09:59:03.804659 #2362]  INFO -- : 0:  json (1.8.1) from /Users/smthmarketable/.rvm/gems/ruby-2.0.0-p353/specifications/json-1.8.1.gemspec
I, [2014-01-19T09:59:03.804999 #2362]  INFO -- : 0:  multi_json (1.8.2) from /Users/smthmarketable/.rvm/gems/ruby-2.0.0-p353@global/specifications/multi_json-1.8.2.gemspec
I, [2014-01-19T09:59:03.805323 #2362]  INFO -- : 0:  os (0.9.6) from /Users/smthmarketable/.rvm/gems/ruby-2.0.0-p353/specifications/os-0.9.6.gemspec
I, [2014-01-19T09:59:03.805685 #2362]  INFO -- : 0:  rubyzip (1.0.0) from /Users/smthmarketable/.rvm/gems/ruby-2.0.0-p353/specifications/rubyzip-1.0.0.gemspec
I, [2014-01-19T09:59:03.806014 #2362]  INFO -- : 0:  neography (1.3.4) from /Users/smthmarketable/.rvm/gems/ruby-2.0.0-p353/specifications/neography-1.3.4.gemspec
I, [2014-01-19T09:59:03.806343 #2362]  INFO -- : 0:  rack (1.5.2) from /Users/smthmarketable/.rvm/gems/ruby-2.0.0-p353@global/specifications/rack-1.5.2.gemspec
I, [2014-01-19T09:59:03.806668 #2362]  INFO -- : 0:  rack-protection (1.5.1) from /Users/smthmarketable/.rvm/gems/ruby-2.0.0-p353/specifications/rack-protection-1.5.1.gemspec
I, [2014-01-19T09:59:03.806990 #2362]  INFO -- : 0:  rack-test (0.6.2) from /Users/smthmarketable/.rvm/gems/ruby-2.0.0-p353@global/specifications/rack-test-0.6.2.gemspec
I, [2014-01-19T09:59:03.807316 #2362]  INFO -- : 0:  tilt (1.4.1) from /Users/smthmarketable/.rvm/gems/ruby-2.0.0-p353@global/specifications/tilt-1.4.1.gemspec
I, [2014-01-19T09:59:03.807638 #2362]  INFO -- : 0:  sinatra (1.4.4) from /Users/smthmarketable/.rvm/gems/ruby-2.0.0-p353/specifications/sinatra-1.4.4.gemspec
I, [2014-01-19T09:59:04.307442 #2362]  INFO -- : 0:  sinatra-contrib (1.4.2) from /Users/smthmarketable/.rvm/gems/ruby-2.0.0-p353/specifications/sinatra-contrib-1.4.2.gemspec
I, [2014-01-19T09:59:04.307832 #2362]  INFO -- : 0:  bundler (1.5.0) from /Users/smthmarketable/.rvm/gems/ruby-2.0.0-p353@global/specifications/bundler-1.5.0.gemspec
